# JRE version: OpenJDK Runtime Environment Temurin-21.0.7+6 (21.0.7+6) (build 21.0.7+6-LTS)
# Java VM: OpenJDK 64-Bit Server VM Temurin-21.0.7+6 (21.0.7+6-LTS, mixed mode, sharing, tiered, compressed oops, compressed class ptrs, parallel gc, windows-amd64)
GC Precious Log:
 CardTable entry size: 512
 CPUs: 8 total, 8 available
 Memory: 8029M
 Large Page Support: Disabled
 NUMA Support: Disabled
 Compressed Oops: Enabled (32-bit)
 Alignments: Space 512K, Generation 512K, Heap 2M
 Heap Min Capacity: 100M
 Heap Initial Capacity: 100M
 Heap Max Capacity: 1G
 Pre-touch: Disabled
 Parallel Workers: 8
Heap:
 PSYoungGen      total 3072K, used 1214K [0x00000000eab00000, 0x00000000eaf00000, 0x0000000100000000)
  eden space 2048K, 34% used [0x00000000eab00000,0x00000000eabaf980,0x00000000ead00000)
  from space 1024K, 50% used [0x00000000ead00000,0x00000000ead80000,0x00000000eae00000)
  to   space 1024K, 0% used [0x00000000eae00000,0x00000000eae00000,0x00000000eaf00000)
 ParOldGen       total 430080K, used 429739K [0x00000000c0000000, 0x00000000da400000, 0x00000000eab00000)
  object space 430080K, 99% used [0x00000000c0000000,0x00000000da3aac58,0x00000000da400000)
 Metaspace       used 88810K, committed 90624K, reserved 1179648K
  class space    used 9068K, committed 9920K, reserved 1048576K
GC Heap History (20 events):
Event: 5224.508 GC heap before
{Heap before GC invocations=1827 (full 4):
 PSYoungGen      total 3072K, used 3066K [0x00000000eab00000, 0x00000000eaf80000, 0x0000000100000000)
  eden space 2560K, 100% used [0x00000000eab00000,0x00000000ead80000,0x00000000ead80000)
  from space 512K, 98% used [0x00000000eae00000,0x00000000eae7e900,0x00000000eae80000)
  to   space 1024K, 0% used [0x00000000eae80000,0x00000000eae80000,0x00000000eaf80000)
 ParOldGen       total 426496K, used 426246K [0x00000000c0000000, 0x00000000da080000, 0x00000000eab00000)
  object space 426496K, 99% used [0x00000000c0000000,0x00000000da041990,0x00000000da080000)
 Metaspace       used 88742K, committed 90560K, reserved 1179648K
  class space    used 9068K, committed 9920K, reserved 1048576K
}
Event: 5224.511 GC heap after
{Heap after GC invocations=1827 (full 4):
 PSYoungGen      total 3584K, used 480K [0x00000000eab00000, 0x00000000eaf80000, 0x0000000100000000)
  eden space 2560K, 0% used [0x00000000eab00000,0x00000000eab00000,0x00000000ead80000)
  from space 1024K, 46% used [0x00000000eae80000,0x00000000eaef8000,0x00000000eaf80000)
  to   space 1024K, 0% used [0x00000000ead80000,0x00000000ead80000,0x00000000eae80000)
 ParOldGen       total 427008K, used 426650K [0x00000000c0000000, 0x00000000da100000, 0x00000000eab00000)
  object space 427008K, 99% used [0x00000000c0000000,0x00000000da0a6978,0x00000000da100000)
 Metaspace       used 88742K, committed 90560K, reserved 1179648K
  class space    used 9068K, committed 9920K, reserved 1048576K
}
Event: 5224.522 GC heap before
{Heap before GC invocations=1828 (full 4):
 PSYoungGen      total 3584K, used 3040K [0x00000000eab00000, 0x00000000eaf80000, 0x0000000100000000)
  eden space 2560K, 100% used [0x00000000eab00000,0x00000000ead80000,0x00000000ead80000)
  from space 1024K, 46% used [0x00000000eae80000,0x00000000eaef8000,0x00000000eaf80000)
  to   space 1024K, 0% used [0x00000000ead80000,0x00000000ead80000,0x00000000eae80000)
 ParOldGen       total 427008K, used 426650K [0x00000000c0000000, 0x00000000da100000, 0x00000000eab00000)
  object space 427008K, 99% used [0x00000000c0000000,0x00000000da0a6978,0x00000000da100000)
 Metaspace       used 88744K, committed 90560K, reserved 1179648K
  class space    used 9068K, committed 9920K, reserved 1048576K
}
Event: 5224.523 GC heap after
{Heap after GC invocations=1828 (full 4):
 PSYoungGen      total 3584K, used 436K [0x00000000eab00000, 0x00000000eaf00000, 0x0000000100000000)
  eden space 2560K, 0% used [0x00000000eab00000,0x00000000eab00000,0x00000000ead80000)
  from space 1024K, 42% used [0x00000000ead80000,0x00000000eaded200,0x00000000eae80000)
  to   space 512K, 0% used [0x00000000eae80000,0x00000000eae80000,0x00000000eaf00000)
 ParOldGen       total 427520K, used 427048K [0x00000000c0000000, 0x00000000da180000, 0x00000000eab00000)
  object space 427520K, 99% used [0x00000000c0000000,0x00000000da10a0f8,0x00000000da180000)
 Metaspace       used 88744K, committed 90560K, reserved 1179648K
  class space    used 9068K, committed 9920K, reserved 1048576K
}
Event: 5224.532 GC heap before
{Heap before GC invocations=1829 (full 4):
 PSYoungGen      total 3584K, used 2996K [0x00000000eab00000, 0x00000000eaf00000, 0x0000000100000000)
  eden space 2560K, 100% used [0x00000000eab00000,0x00000000ead80000,0x00000000ead80000)
  from space 1024K, 42% used [0x00000000ead80000,0x00000000eaded200,0x00000000eae80000)
  to   space 512K, 0% used [0x00000000eae80000,0x00000000eae80000,0x00000000eaf00000)
 ParOldGen       total 427520K, used 427048K [0x00000000c0000000, 0x00000000da180000, 0x00000000eab00000)
  object space 427520K, 99% used [0x00000000c0000000,0x00000000da10a0f8,0x00000000da180000)
 Metaspace       used 88749K, committed 90560K, reserved 1179648K
  class space    used 9068K, committed 9920K, reserved 1048576K
}
Event: 5224.535 GC heap after
{Heap after GC invocations=1829 (full 4):
 PSYoungGen      total 2560K, used 512K [0x00000000eab00000, 0x00000000eb080000, 0x0000000100000000)
  eden space 2048K, 0% used [0x00000000eab00000,0x00000000eab00000,0x00000000ead00000)
  from space 512K, 100% used [0x00000000eae80000,0x00000000eaf00000,0x00000000eaf00000)
  to   space 1536K, 0% used [0x00000000ead00000,0x00000000ead00000,0x00000000eae80000)
 ParOldGen       total 427520K, used 427481K [0x00000000c0000000, 0x00000000da180000, 0x00000000eab00000)
  object space 427520K, 99% used [0x00000000c0000000,0x00000000da176578,0x00000000da180000)
 Metaspace       used 88749K, committed 90560K, reserved 1179648K
  class space    used 9068K, committed 9920K, reserved 1048576K
}
Event: 5528.677 GC heap before
{Heap before GC invocations=1830 (full 4):
 PSYoungGen      total 2560K, used 2559K [0x00000000eab00000, 0x00000000eb080000, 0x0000000100000000)
  eden space 2048K, 99% used [0x00000000eab00000,0x00000000eacffff8,0x00000000ead00000)
  from space 512K, 100% used [0x00000000eae80000,0x00000000eaf00000,0x00000000eaf00000)
  to   space 1536K, 0% used [0x00000000ead00000,0x00000000ead00000,0x00000000eae80000)
 ParOldGen       total 427520K, used 427481K [0x00000000c0000000, 0x00000000da180000, 0x00000000eab00000)
  object space 427520K, 99% used [0x00000000c0000000,0x00000000da176578,0x00000000da180000)
 Metaspace       used 88789K, committed 90624K, reserved 1179648K
  class space    used 9068K, committed 9920K, reserved 1048576K
}
Event: 5528.730 GC heap after
{Heap after GC invocations=1830 (full 4):
 PSYoungGen      total 2560K, used 288K [0x00000000eab00000, 0x00000000eaf00000, 0x0000000100000000)
  eden space 2048K, 0% used [0x00000000eab00000,0x00000000eab00000,0x00000000ead00000)
  from space 512K, 56% used [0x00000000ead00000,0x00000000ead48000,0x00000000ead80000)
  to   space 1024K, 0% used [0x00000000eae00000,0x00000000eae00000,0x00000000eaf00000)
 ParOldGen       total 428032K, used 427945K [0x00000000c0000000, 0x00000000da200000, 0x00000000eab00000)
  object space 428032K, 99% used [0x00000000c0000000,0x00000000da1ea578,0x00000000da200000)
 Metaspace       used 88789K, committed 90624K, reserved 1179648K
  class space    used 9068K, committed 9920K, reserved 1048576K
}
Event: 5529.272 GC heap before
{Heap before GC invocations=1831 (full 4):
 PSYoungGen      total 2560K, used 2336K [0x00000000eab00000, 0x00000000eaf00000, 0x0000000100000000)
  eden space 2048K, 100% used [0x00000000eab00000,0x00000000ead00000,0x00000000ead00000)
  from space 512K, 56% used [0x00000000ead00000,0x00000000ead48000,0x00000000ead80000)
  to   space 1024K, 0% used [0x00000000eae00000,0x00000000eae00000,0x00000000eaf00000)
 ParOldGen       total 428032K, used 427945K [0x00000000c0000000, 0x00000000da200000, 0x00000000eab00000)
  object space 428032K, 99% used [0x00000000c0000000,0x00000000da1ea578,0x00000000da200000)
 Metaspace       used 88799K, committed 90624K, reserved 1179648K
  class space    used 9068K, committed 9920K, reserved 1048576K
}
Event: 5529.275 GC heap after
{Heap after GC invocations=1831 (full 4):
 PSYoungGen      total 2560K, used 368K [0x00000000eab00000, 0x00000000eae80000, 0x0000000100000000)
  eden space 2048K, 0% used [0x00000000eab00000,0x00000000eab00000,0x00000000ead00000)
  from space 512K, 71% used [0x00000000eae00000,0x00000000eae5c030,0x00000000eae80000)
  to   space 512K, 0% used [0x00000000ead00000,0x00000000ead00000,0x00000000ead80000)
 ParOldGen       total 428544K, used 428081K [0x00000000c0000000, 0x00000000da280000, 0x00000000eab00000)
  object space 428544K, 99% used [0x00000000c0000000,0x00000000da20c578,0x00000000da280000)
 Metaspace       used 88799K, committed 90624K, reserved 1179648K
  class space    used 9068K, committed 9920K, reserved 1048576K
}
Event: 5529.553 GC heap before
{Heap before GC invocations=1832 (full 4):
 PSYoungGen      total 2560K, used 2416K [0x00000000eab00000, 0x00000000eae80000, 0x0000000100000000)
  eden space 2048K, 100% used [0x00000000eab00000,0x00000000ead00000,0x00000000ead00000)
  from space 512K, 71% used [0x00000000eae00000,0x00000000eae5c030,0x00000000eae80000)
  to   space 512K, 0% used [0x00000000ead00000,0x00000000ead00000,0x00000000ead80000)
 ParOldGen       total 428544K, used 428081K [0x00000000c0000000, 0x00000000da280000, 0x00000000eab00000)
  object space 428544K, 99% used [0x00000000c0000000,0x00000000da20c578,0x00000000da280000)
 Metaspace       used 88804K, committed 90624K, reserved 1179648K
  class space    used 9068K, committed 9920K, reserved 1048576K
}
Event: 5529.558 GC heap after
{Heap after GC invocations=1832 (full 4):
 PSYoungGen      total 2560K, used 490K [0x00000000eab00000, 0x00000000eaf00000, 0x0000000100000000)
  eden space 2048K, 0% used [0x00000000eab00000,0x00000000eab00000,0x00000000ead00000)
  from space 512K, 95% used [0x00000000ead00000,0x00000000ead7a930,0x00000000ead80000)
  to   space 1024K, 0% used [0x00000000eae00000,0x00000000eae00000,0x00000000eaf00000)
 ParOldGen       total 428544K, used 428241K [0x00000000c0000000, 0x00000000da280000, 0x00000000eab00000)
  object space 428544K, 99% used [0x00000000c0000000,0x00000000da234598,0x00000000da280000)
 Metaspace       used 88804K, committed 90624K, reserved 1179648K
  class space    used 9068K, committed 9920K, reserved 1048576K
}
Event: 5529.628 GC heap before
{Heap before GC invocations=1833 (full 4):
 PSYoungGen      total 2560K, used 2538K [0x00000000eab00000, 0x00000000eaf00000, 0x0000000100000000)
  eden space 2048K, 100% used [0x00000000eab00000,0x00000000ead00000,0x00000000ead00000)
  from space 512K, 95% used [0x00000000ead00000,0x00000000ead7a930,0x00000000ead80000)
  to   space 1024K, 0% used [0x00000000eae00000,0x00000000eae00000,0x00000000eaf00000)
 ParOldGen       total 428544K, used 428241K [0x00000000c0000000, 0x00000000da280000, 0x00000000eab00000)
  object space 428544K, 99% used [0x00000000c0000000,0x00000000da234598,0x00000000da280000)
 Metaspace       used 88804K, committed 90624K, reserved 1179648K
  class space    used 9068K, committed 9920K, reserved 1048576K
}
Event: 5529.631 GC heap after
{Heap after GC invocations=1833 (full 4):
 PSYoungGen      total 3072K, used 448K [0x00000000eab00000, 0x00000000eaf00000, 0x0000000100000000)
  eden space 2048K, 0% used [0x00000000eab00000,0x00000000eab00000,0x00000000ead00000)
  from space 1024K, 43% used [0x00000000eae00000,0x00000000eae70000,0x00000000eaf00000)
  to   space 1024K, 0% used [0x00000000ead00000,0x00000000ead00000,0x00000000eae00000)
 ParOldGen       total 429056K, used 428621K [0x00000000c0000000, 0x00000000da300000, 0x00000000eab00000)
  object space 429056K, 99% used [0x00000000c0000000,0x00000000da2937c8,0x00000000da300000)
 Metaspace       used 88804K, committed 90624K, reserved 1179648K
  class space    used 9068K, committed 9920K, reserved 1048576K
}
Event: 5529.676 GC heap before
{Heap before GC invocations=1834 (full 4):
 PSYoungGen      total 3072K, used 2493K [0x00000000eab00000, 0x00000000eaf00000, 0x0000000100000000)
  eden space 2048K, 99% used [0x00000000eab00000,0x00000000eacff690,0x00000000ead00000)
  from space 1024K, 43% used [0x00000000eae00000,0x00000000eae70000,0x00000000eaf00000)
  to   space 1024K, 0% used [0x00000000ead00000,0x00000000ead00000,0x00000000eae00000)
 ParOldGen       total 429056K, used 428621K [0x00000000c0000000, 0x00000000da300000, 0x00000000eab00000)
  object space 429056K, 99% used [0x00000000c0000000,0x00000000da2937c8,0x00000000da300000)
 Metaspace       used 88804K, committed 90624K, reserved 1179648K
  class space    used 9068K, committed 9920K, reserved 1048576K
}
Event: 5529.678 GC heap after
{Heap after GC invocations=1834 (full 4):
 PSYoungGen      total 3072K, used 564K [0x00000000eab00000, 0x00000000eaf00000, 0x0000000100000000)
  eden space 2048K, 0% used [0x00000000eab00000,0x00000000eab00000,0x00000000ead00000)
  from space 1024K, 55% used [0x00000000ead00000,0x00000000ead8d200,0x00000000eae00000)
  to   space 1024K, 0% used [0x00000000eae00000,0x00000000eae00000,0x00000000eaf00000)
 ParOldGen       total 429056K, used 428909K [0x00000000c0000000, 0x00000000da300000, 0x00000000eab00000)
  object space 429056K, 99% used [0x00000000c0000000,0x00000000da2db7c8,0x00000000da300000)
 Metaspace       used 88804K, committed 90624K, reserved 1179648K
  class space    used 9068K, committed 9920K, reserved 1048576K
}
Event: 5529.714 GC heap before
{Heap before GC invocations=1835 (full 4):
 PSYoungGen      total 3072K, used 2612K [0x00000000eab00000, 0x00000000eaf00000, 0x0000000100000000)
  eden space 2048K, 100% used [0x00000000eab00000,0x00000000ead00000,0x00000000ead00000)
  from space 1024K, 55% used [0x00000000ead00000,0x00000000ead8d200,0x00000000eae00000)
  to   space 1024K, 0% used [0x00000000eae00000,0x00000000eae00000,0x00000000eaf00000)
 ParOldGen       total 429056K, used 428909K [0x00000000c0000000, 0x00000000da300000, 0x00000000eab00000)
  object space 429056K, 99% used [0x00000000c0000000,0x00000000da2db7c8,0x00000000da300000)
 Metaspace       used 88804K, committed 90624K, reserved 1179648K
  class space    used 9068K, committed 9920K, reserved 1048576K
}
Event: 5529.716 GC heap after
{Heap after GC invocations=1835 (full 4):
 PSYoungGen      total 3072K, used 570K [0x00000000eab00000, 0x00000000eaf00000, 0x0000000100000000)
  eden space 2048K, 0% used [0x00000000eab00000,0x00000000eab00000,0x00000000ead00000)
  from space 1024K, 55% used [0x00000000eae00000,0x00000000eae8e900,0x00000000eaf00000)
  to   space 1024K, 0% used [0x00000000ead00000,0x00000000ead00000,0x00000000eae00000)
 ParOldGen       total 429568K, used 429326K [0x00000000c0000000, 0x00000000da380000, 0x00000000eab00000)
  object space 429568K, 99% used [0x00000000c0000000,0x00000000da343a58,0x00000000da380000)
 Metaspace       used 88804K, committed 90624K, reserved 1179648K
  class space    used 9068K, committed 9920K, reserved 1048576K
}
Event: 5529.725 GC heap before
{Heap before GC invocations=1836 (full 4):
 PSYoungGen      total 3072K, used 2618K [0x00000000eab00000, 0x00000000eaf00000, 0x0000000100000000)
  eden space 2048K, 100% used [0x00000000eab00000,0x00000000ead00000,0x00000000ead00000)
  from space 1024K, 55% used [0x00000000eae00000,0x00000000eae8e900,0x00000000eaf00000)
  to   space 1024K, 0% used [0x00000000ead00000,0x00000000ead00000,0x00000000eae00000)
 ParOldGen       total 429568K, used 429326K [0x00000000c0000000, 0x00000000da380000, 0x00000000eab00000)
  object space 429568K, 99% used [0x00000000c0000000,0x00000000da343a58,0x00000000da380000)
 Metaspace       used 88806K, committed 90624K, reserved 1179648K
  class space    used 9068K, committed 9920K, reserved 1048576K
}
Event: 5529.727 GC heap after
{Heap after GC invocations=1836 (full 4):
 PSYoungGen      total 3072K, used 512K [0x00000000eab00000, 0x00000000eaf00000, 0x0000000100000000)
  eden space 2048K, 0% used [0x00000000eab00000,0x00000000eab00000,0x00000000ead00000)
  from space 1024K, 50% used [0x00000000ead00000,0x00000000ead80000,0x00000000eae00000)
  to   space 1024K, 0% used [0x00000000eae00000,0x00000000eae00000,0x00000000eaf00000)
 ParOldGen       total 430080K, used 429739K [0x00000000c0000000, 0x00000000da400000, 0x00000000eab00000)
  object space 430080K, 99% used [0x00000000c0000000,0x00000000da3aac58,0x00000000da400000)
 Metaspace       used 88806K, committed 90624K, reserved 1179648K
  class space    used 9068K, committed 9920K, reserved 1048576K
}

